[LOG] System::create                           : Header version = 2.02.00. Current version = 2.02.00.
[LOG] Manager::init                            : maxchannels = 256 studioflags = 00000006 flags 00000000 extradriverdata 0000000000000000.
[LOG] SystemI::init                            : Initialize version=20200 (115890), maxchannels=256, flags=0x00020000
[LOG] SystemI::setOutputInternal               : Setting output to 'FMOD WASAPI Output'
[LOG] OutputWASAPI::init                       : Mix Format (WAVEFORMATEX): wFormatTag=0xFFFE, nChannels=2, nSamplesPerSec=44100, nAvgBytesPerSec=352800, nBlockAlign=8, wBitsPerSample=32, cbSize=22.
[LOG] OutputWASAPI::init                       : Mix Format (WAVEFORMATEXTENSIBLE): wValidBitsPerSample=32, dwChannelMask=0x00000003, SubFormat=00000003-0000-0010-8000-00AA00389B71.
[LOG] OutputWASAPI::init                       : Output buffer size: 3760 samples, latency: 0.00ms, period: 11.61ms, DSP buffer: 1024 * 4
[LOG] SystemI::init                            : Output requires a sample rate of 44100Hz, resampling will occur.
[LOG] Thread::initThread                       : Init FMOD stream thread. Affinity: 0x4000000000000003, Priority: 0xFFFF7FFB, Stack Size: 98304, Semaphore: No, Sleep Time: 10, Looping: Yes.
[LOG] Thread::initThread                       : Init FMOD mixer thread. Affinity: 0x4000000000000001, Priority: 0xFFFF7FFA, Stack Size: 81920, Semaphore: No, Sleep Time: 0, Looping: Yes.
[LOG] AsyncManager::init                       : manager 0000018FB31EA2A8 isAsync 0 updatePeriod 0.02
[LOG] AsyncManager::init                       : done
[LOG] PlaybackSystem::init                     : 
[LOG] Thread::initThread                       : Init FMOD Studio sample load thread. Affinity: 0x4000000000000003, Priority: 0xFFFF7FFD, Stack Size: 98304, Semaphore: No, Sleep Time: 1, Looping: No.
[LOG] PlaybackSystem::init                     : done
[LOG] Thread::initThread                       : Init FMOD Studio bank load thread. Affinity: 0x4000000000000003, Priority: 0xFFFF7FFD, Stack Size: 98304, Semaphore: No, Sleep Time: 1, Looping: No.
[LOG] Manager::init                            : done.
[LOG] Manager::readBank                        : fileversion = 135, compatVersion = 132 (oldest = 44, newest = 140)
[LOG] Manager::readBank                        : fileversion = 135, compatVersion = 132 (oldest = 44, newest = 140)
[LOG] SystemI::createSoundInternal             : Create name='', mode=0x02000202
[LOG] SystemI::createSoundInternal             : exinfo->cbsize             = 224
[LOG] SystemI::createSoundInternal             : exinfo->length             = 188928
[LOG] SystemI::createSoundInternal             : exinfo->fileoffset         = 11488
[LOG] SystemI::createSoundInternal             : exinfo->numsubsounds       = 1
[LOG] SystemI::createSoundInternal             : exinfo->inclusionlist      = 0000000DDACFF588
[LOG] SystemI::createSoundInternal             : exinfo->inclusionlistnum   = 1
[LOG] SystemI::createSoundInternal             : exinfo->suggestedsoundtype = 5
[LOG] SystemI::createSoundInternal             : exinfo->useropen           = 00007FF947B81730
[LOG] SystemI::createSoundInternal             : exinfo->userclose          = 00007FF947B81700
[LOG] SystemI::createSoundInternal             : exinfo->userread           = 00007FF947B81800
[LOG] SystemI::createSoundInternal             : exinfo->userseek           = 00007FF947B818C0
[LOG] SystemI::createSoundInternal             : exinfo->fileuserdata       = 0000018DB759F9B8
[LOG] SystemI::createSoundInternal             : exinfo->initialseekpostype = 1
[LOG] SystemI::DSPCodecPoolRegister            : register codec pool for pool type 5
[LOG] SystemI::createSoundInternal             : Sample 0/1: name='BuildingPlaced', format=5, channels=1, frequency=48000, lengthbytes=2176, lengthpcm=10265, pcmblocksize=0, loopstart=0, loopend=0, mode=0x00000000, channelmask=0x00000000, channelorder=0, peakvolume=0.303497.
[LOG] SystemI::createSoundInternal             : Create name='', mode=0x02000202
[LOG] SystemI::createSoundInternal             : exinfo->cbsize             = 224
[LOG] SystemI::createSoundInternal             : exinfo->length             = 188928
[LOG] SystemI::createSoundInternal             : exinfo->fileoffset         = 11488
[LOG] SystemI::createSoundInternal             : exinfo->numsubsounds       = 1
[LOG] SystemI::createSoundInternal             : exinfo->inclusionlist      = 0000000DDACFF588
[LOG] SystemI::createSoundInternal             : exinfo->inclusionlistnum   = 1
[LOG] SystemI::createSoundInternal             : exinfo->suggestedsoundtype = 5
[LOG] SystemI::createSoundInternal             : exinfo->useropen           = 00007FF947B81730
[LOG] SystemI::createSoundInternal             : exinfo->userclose          = 00007FF947B81700
[LOG] SystemI::createSoundInternal             : exinfo->userread           = 00007FF947B81800
[LOG] SystemI::createSoundInternal             : exinfo->userseek           = 00007FF947B818C0
[LOG] SystemI::createSoundInternal             : exinfo->fileuserdata       = 0000018F8EFCB3B8
[LOG] SystemI::createSoundInternal             : exinfo->initialseekpostype = 1
[LOG] SystemI::DSPCodecPoolRegister            : register codec pool for pool type 5
[LOG] SystemI::createSoundInternal             : Sample 0/1: name='EnemyWaveStarting', format=5, channels=1, frequency=48000, lengthbytes=29184, lengthpcm=133746, pcmblocksize=0, loopstart=0, loopend=0, mode=0x00000000, channelmask=0x00000000, channelorder=0, peakvolume=0.194550.
[LOG] SystemI::createSoundInternal             : Create name='', mode=0x02000202
[LOG] SystemI::createSoundInternal             : exinfo->cbsize             = 224
[LOG] SystemI::createSoundInternal             : exinfo->length             = 188928
[LOG] SystemI::createSoundInternal             : exinfo->fileoffset         = 11488
[LOG] SystemI::createSoundInternal             : exinfo->numsubsounds       = 1
[LOG] SystemI::createSoundInternal             : exinfo->inclusionlist      = 0000000DDACFF588
[LOG] SystemI::createSoundInternal             : exinfo->inclusionlistnum   = 1
[LOG] SystemI::createSoundInternal             : exinfo->suggestedsoundtype = 5
[LOG] SystemI::createSoundInternal             : exinfo->useropen           = 00007FF947B81730
[LOG] SystemI::createSoundInternal             : exinfo->userclose          = 00007FF947B81700
[LOG] SystemI::createSoundInternal             : exinfo->userread           = 00007FF947B81800
[LOG] SystemI::createSoundInternal             : exinfo->userseek           = 00007FF947B818C0
[LOG] SystemI::createSoundInternal             : exinfo->fileuserdata       = 00000190309CC278
[LOG] SystemI::createSoundInternal             : exinfo->initialseekpostype = 1
[LOG] SystemI::DSPCodecPoolRegister            : register codec pool for pool type 5
[LOG] SystemI::createSoundInternal             : Sample 0/1: name='EnemyHit', format=5, channels=1, frequency=48000, lengthbytes=1600, lengthpcm=8916, pcmblocksize=0, loopstart=0, loopend=0, mode=0x00000000, channelmask=0x00000000, channelorder=0, peakvolume=0.030701.
[LOG] SystemI::createSoundInternal             : Create name='', mode=0x02000202
[LOG] SystemI::createSoundInternal             : exinfo->cbsize             = 224
[LOG] SystemI::createSoundInternal             : exinfo->length             = 188928
[LOG] SystemI::createSoundInternal             : exinfo->fileoffset         = 11488
[LOG] SystemI::createSoundInternal             : exinfo->numsubsounds       = 1
[LOG] SystemI::createSoundInternal             : exinfo->inclusionlist      = 0000000DDACFF588
[LOG] SystemI::createSoundInternal             : exinfo->inclusionlistnum   = 1
[LOG] SystemI::createSoundInternal             : exinfo->suggestedsoundtype = 5
[LOG] SystemI::createSoundInternal             : exinfo->useropen           = 00007FF947B81730
[LOG] SystemI::createSoundInternal             : exinfo->userclose          = 00007FF947B81700
[LOG] SystemI::createSoundInternal             : exinfo->userread           = 00007FF947B81800
[LOG] SystemI::createSoundInternal             : exinfo->userseek           = 00007FF947B818C0
[LOG] SystemI::createSoundInternal             : exinfo->fileuserdata       = 00000190309CC278
[LOG] SystemI::createSoundInternal             : exinfo->initialseekpostype = 1
[LOG] SystemI::DSPCodecPoolRegister            : register codec pool for pool type 5
[LOG] SystemI::createSoundInternal             : Sample 0/1: name='EnemyDie', format=5, channels=1, frequency=48000, lengthbytes=8096, lengthpcm=47539, pcmblocksize=0, loopstart=0, loopend=0, mode=0x00000000, channelmask=0x00000000, channelorder=0, peakvolume=0.035309.
[LOG] SystemI::createSound                     : filename = FMOD\Awesome Builder Defender Game\Build\Desktop/Master.bank : mode 02010082
[LOG] SystemI::createSound                     : FMOD_NONBLOCKING specified.  Putting into queue to be opened asynchronously!
[LOG] SystemI::createSound                     : setdata soundi = 0000018FB354B738 : node = 00000190671E3F30
[LOG] SystemI::createSound                     : add node to async list : head = 0000018F58C65898.  list count = 0
[LOG] AsyncThread::threadFunc                  : Starting Asynchronous operation on sound 0000018FB354B738
[LOG] SystemI::createSoundInternal             :     Create name='FMOD\Awesome Builder Defender Game\Build\Desktop/Master.bank', mode=0x02010082
[LOG] SystemI::createSoundInternal             :     exinfo->cbsize             = 224
[LOG] SystemI::createSoundInternal             :     exinfo->length             = 188928
[LOG] SystemI::createSoundInternal             :     exinfo->fileoffset         = 11488
[LOG] SystemI::createSoundInternal             :     exinfo->numsubsounds       = 1
[LOG] SystemI::createSoundInternal             :     exinfo->inclusionlist      = 00000190671E4040
[LOG] SystemI::createSoundInternal             :     exinfo->inclusionlistnum   = 1
[LOG] SystemI::createSoundInternal             :     exinfo->suggestedsoundtype = 5
[LOG] SystemI::createSoundInternal             :     exinfo->initialseekposition = 3500
[LOG] SystemI::createSoundInternal             :     exinfo->initialseekpostype = 1
[LOG] SystemI::createSoundInternal             :     Stream 0/1: name='Music', format=5, channels=2, frequency=48000, lengthbytes=129536, lengthpcm=825791, pcmblocksize=0, loopstart=0, loopend=0, mode=0x00000000, channelmask=0x00000000, channelorder=0, peakvolume=0.256409.
[LOG] AsyncThread::threadFunc                  : Finished Asynchronous operation on sound 0000018FB354B738
[LOG] SoundI::release                          : Music (0000018F8F706F18)
[LOG] SoundI::release                          :     Music (0000019059EFB7F8)
[LOG] SoundI::release                          :     Music (0000018F8F705778)
[LOG] SystemI::createSound                     : filename = FMOD\Awesome Builder Defender Game\Build\Desktop/Master.bank : mode 02010082
[LOG] SystemI::createSound                     : FMOD_NONBLOCKING specified.  Putting into queue to be opened asynchronously!
[LOG] SystemI::createSound                     : setdata soundi = 0000018FB31FC0E8 : node = 00000190671E3CB0
[LOG] SystemI::createSound                     : add node to async list : head = 0000018F58C65898.  list count = 0
[LOG] AsyncThread::threadFunc                  : Starting Asynchronous operation on sound 0000018FB31FC0E8
[LOG] SystemI::createSoundInternal             :     Create name='FMOD\Awesome Builder Defender Game\Build\Desktop/Master.bank', mode=0x02010082
[LOG] SystemI::createSoundInternal             :     exinfo->cbsize             = 224
[LOG] SystemI::createSoundInternal             :     exinfo->length             = 188928
[LOG] SystemI::createSoundInternal             :     exinfo->fileoffset         = 11488
[LOG] SystemI::createSoundInternal             :     exinfo->numsubsounds       = 1
[LOG] SystemI::createSoundInternal             :     exinfo->inclusionlist      = 00000190671E3DC0
[LOG] SystemI::createSoundInternal             :     exinfo->inclusionlistnum   = 1
[LOG] SystemI::createSoundInternal             :     exinfo->suggestedsoundtype = 5
[LOG] SystemI::createSoundInternal             :     exinfo->initialseekposition = 3500
[LOG] SystemI::createSoundInternal             :     exinfo->initialseekpostype = 1
[LOG] SystemI::createSoundInternal             :     Stream 0/1: name='Music', format=5, channels=2, frequency=48000, lengthbytes=129536, lengthpcm=825791, pcmblocksize=0, loopstart=0, loopend=0, mode=0x00000000, channelmask=0x00000000, channelorder=0, peakvolume=0.256409.
[LOG] AsyncThread::threadFunc                  : Finished Asynchronous operation on sound 0000018FB31FC0E8
[LOG] SoundI::release                          : Music (0000018FB354B738)
[LOG] SoundI::release                          :     Music (0000018F8AA134D8)
[LOG] SoundI::release                          :     Music (0000018FB354B588)
[LOG] SystemI::createSound                     : filename = FMOD\Awesome Builder Defender Game\Build\Desktop/Master.bank : mode 02010082
[LOG] SystemI::createSound                     : FMOD_NONBLOCKING specified.  Putting into queue to be opened asynchronously!
[LOG] SystemI::createSound                     : setdata soundi = 0000018FB2FDB988 : node = 00000190671E3A30
[LOG] SystemI::createSound                     : add node to async list : head = 0000018F58C65898.  list count = 0
[LOG] AsyncThread::threadFunc                  : Starting Asynchronous operation on sound 0000018FB2FDB988
[LOG] SystemI::createSoundInternal             :     Create name='FMOD\Awesome Builder Defender Game\Build\Desktop/Master.bank', mode=0x02010082
[LOG] SystemI::createSoundInternal             :     exinfo->cbsize             = 224
[LOG] SystemI::createSoundInternal             :     exinfo->length             = 188928
[LOG] SystemI::createSoundInternal             :     exinfo->fileoffset         = 11488
[LOG] SystemI::createSoundInternal             :     exinfo->numsubsounds       = 1
[LOG] SystemI::createSoundInternal             :     exinfo->inclusionlist      = 00000190671E3B40
[LOG] SystemI::createSoundInternal             :     exinfo->inclusionlistnum   = 1
[LOG] SystemI::createSoundInternal             :     exinfo->suggestedsoundtype = 5
[LOG] SystemI::createSoundInternal             :     exinfo->initialseekposition = 3500
[LOG] SystemI::createSoundInternal             :     exinfo->initialseekpostype = 1
[LOG] SystemI::createSoundInternal             :     Stream 0/1: name='Music', format=5, channels=2, frequency=48000, lengthbytes=129536, lengthpcm=825791, pcmblocksize=0, loopstart=0, loopend=0, mode=0x00000000, channelmask=0x00000000, channelorder=0, peakvolume=0.256409.
[LOG] AsyncThread::threadFunc                  : Finished Asynchronous operation on sound 0000018FB2FDB988
[LOG] SoundI::release                          : Music (0000018FB31FC0E8)
[LOG] SoundI::release                          :     Music (0000018F8AA11458)
[LOG] SoundI::release                          :     Music (0000018FB31FC298)
[LOG] SystemI::createSound                     : filename = FMOD\Awesome Builder Defender Game\Build\Desktop/Master.bank : mode 02010082
[LOG] SystemI::createSound                     : FMOD_NONBLOCKING specified.  Putting into queue to be opened asynchronously!
[LOG] SystemI::createSound                     : setdata soundi = 0000018FB2FDBB38 : node = 00000190671E3DF0
[LOG] SystemI::createSound                     : add node to async list : head = 0000018F58C65898.  list count = 0
[LOG] AsyncThread::threadFunc                  : Starting Asynchronous operation on sound 0000018FB2FDBB38
[LOG] SystemI::createSoundInternal             :     Create name='FMOD\Awesome Builder Defender Game\Build\Desktop/Master.bank', mode=0x02010082
[LOG] SystemI::createSoundInternal             :     exinfo->cbsize             = 224
[LOG] SystemI::createSoundInternal             :     exinfo->length             = 188928
[LOG] SystemI::createSoundInternal             :     exinfo->fileoffset         = 11488
[LOG] SystemI::createSoundInternal             :     exinfo->numsubsounds       = 1
[LOG] SystemI::createSoundInternal             :     exinfo->inclusionlist      = 00000190671E3F00
[LOG] SystemI::createSoundInternal             :     exinfo->inclusionlistnum   = 1
[LOG] SystemI::createSoundInternal             :     exinfo->suggestedsoundtype = 5
[LOG] SystemI::createSoundInternal             :     exinfo->initialseekposition = 3500
[LOG] SystemI::createSoundInternal             :     exinfo->initialseekpostype = 1
[LOG] SystemI::createSoundInternal             :     Stream 0/1: name='Music', format=5, channels=2, frequency=48000, lengthbytes=129536, lengthpcm=825791, pcmblocksize=0, loopstart=0, loopend=0, mode=0x00000000, channelmask=0x00000000, channelorder=0, peakvolume=0.256409.
[LOG] AsyncThread::threadFunc                  : Finished Asynchronous operation on sound 0000018FB2FDBB38
[LOG] SoundI::release                          : Music (0000018FB2FDB988)
[LOG] SoundI::release                          :     Music (0000018F8AA14378)
[LOG] SoundI::release                          :     Music (0000018FB2FDBCE8)
[LOG] SystemI::createSoundInternal             : Create name='', mode=0x02000202
[LOG] SystemI::createSoundInternal             : exinfo->cbsize             = 224
[LOG] SystemI::createSoundInternal             : exinfo->length             = 188928
[LOG] SystemI::createSoundInternal             : exinfo->fileoffset         = 11488
[LOG] SystemI::createSoundInternal             : exinfo->numsubsounds       = 1
[LOG] SystemI::createSoundInternal             : exinfo->inclusionlist      = 0000000DDACFF588
[LOG] SystemI::createSoundInternal             : exinfo->inclusionlistnum   = 1
[LOG] SystemI::createSoundInternal             : exinfo->suggestedsoundtype = 5
[LOG] SystemI::createSoundInternal             : exinfo->useropen           = 00007FF947B81730
[LOG] SystemI::createSoundInternal             : exinfo->userclose          = 00007FF947B81700
[LOG] SystemI::createSoundInternal             : exinfo->userread           = 00007FF947B81800
[LOG] SystemI::createSoundInternal             : exinfo->userseek           = 00007FF947B818C0
[LOG] SystemI::createSoundInternal             : exinfo->fileuserdata       = 00000190309CADD8
[LOG] SystemI::createSoundInternal             : exinfo->initialseekpostype = 1
[LOG] SystemI::DSPCodecPoolRegister            : register codec pool for pool type 5
[LOG] SystemI::createSoundInternal             : Sample 0/1: name='BuildingDamaged', format=5, channels=1, frequency=48000, lengthbytes=1888, lengthpcm=9549, pcmblocksize=0, loopstart=0, loopend=0, mode=0x00000000, channelmask=0x00000000, channelorder=0, peakvolume=0.199127.
[LOG] SystemI::createSound                     : filename = FMOD\Awesome Builder Defender Game\Build\Desktop/Master.bank : mode 02010082
[LOG] SystemI::createSound                     : FMOD_NONBLOCKING specified.  Putting into queue to be opened asynchronously!
[LOG] SystemI::createSound                     : setdata soundi = 0000018FB31FC5F8 : node = 00000190671E3B70
[LOG] SystemI::createSound                     : add node to async list : head = 0000018F58C65898.  list count = 0
[LOG] AsyncThread::threadFunc                  : Starting Asynchronous operation on sound 0000018FB31FC5F8
[LOG] SystemI::createSoundInternal             :     Create name='FMOD\Awesome Builder Defender Game\Build\Desktop/Master.bank', mode=0x02010082
[LOG] SystemI::createSoundInternal             :     exinfo->cbsize             = 224
[LOG] SystemI::createSoundInternal             :     exinfo->length             = 188928
[LOG] SystemI::createSoundInternal             :     exinfo->fileoffset         = 11488
[LOG] SystemI::createSoundInternal             :     exinfo->numsubsounds       = 1
[LOG] SystemI::createSoundInternal             :     exinfo->inclusionlist      = 00000190671E3C80
[LOG] SystemI::createSoundInternal             :     exinfo->inclusionlistnum   = 1
[LOG] SystemI::createSoundInternal             :     exinfo->suggestedsoundtype = 5
[LOG] SystemI::createSoundInternal             :     exinfo->initialseekposition = 3500
[LOG] SystemI::createSoundInternal             :     exinfo->initialseekpostype = 1
[LOG] SystemI::createSoundInternal             :     Stream 0/1: name='Music', format=5, channels=2, frequency=48000, lengthbytes=129536, lengthpcm=825791, pcmblocksize=0, loopstart=0, loopend=0, mode=0x00000000, channelmask=0x00000000, channelorder=0, peakvolume=0.256409.
[LOG] AsyncThread::threadFunc                  : Finished Asynchronous operation on sound 0000018FB31FC5F8
[LOG] SoundI::release                          : Music (0000018FB2FDBB38)
[LOG] SoundI::release                          :     Music (0000018F8AA10A98)
[LOG] SoundI::release                          :     Music (0000018FB2FDBE98)
[LOG] SystemI::createSound                     : filename = FMOD\Awesome Builder Defender Game\Build\Desktop/Master.bank : mode 02010082
[LOG] SystemI::createSound                     : FMOD_NONBLOCKING specified.  Putting into queue to be opened asynchronously!
[LOG] SystemI::createSound                     : setdata soundi = 0000018FB2FDB988 : node = 00000190671E3A30
[LOG] SystemI::createSound                     : add node to async list : head = 0000018F58C65898.  list count = 0
[LOG] AsyncThread::threadFunc                  : Starting Asynchronous operation on sound 0000018FB2FDB988
[LOG] SystemI::createSoundInternal             :     Create name='FMOD\Awesome Builder Defender Game\Build\Desktop/Master.bank', mode=0x02010082
[LOG] SystemI::createSoundInternal             :     exinfo->cbsize             = 224
[LOG] SystemI::createSoundInternal             :     exinfo->length             = 188928
[LOG] SystemI::createSoundInternal             :     exinfo->fileoffset         = 11488
[LOG] SystemI::createSoundInternal             :     exinfo->numsubsounds       = 1
[LOG] SystemI::createSoundInternal             :     exinfo->inclusionlist      = 00000190671E3B40
[LOG] SystemI::createSoundInternal             :     exinfo->inclusionlistnum   = 1
[LOG] SystemI::createSoundInternal             :     exinfo->suggestedsoundtype = 5
[LOG] SystemI::createSoundInternal             :     exinfo->initialseekposition = 3500
[LOG] SystemI::createSoundInternal             :     exinfo->initialseekpostype = 1
[LOG] SystemI::createSoundInternal             :     Stream 0/1: name='Music', format=5, channels=2, frequency=48000, lengthbytes=129536, lengthpcm=825791, pcmblocksize=0, loopstart=0, loopend=0, mode=0x00000000, channelmask=0x00000000, channelorder=0, peakvolume=0.256409.
[LOG] AsyncThread::threadFunc                  : Finished Asynchronous operation on sound 0000018FB2FDB988
[LOG] SoundI::release                          : Music (0000018FB31FC5F8)
[LOG] SoundI::release                          :     Music (0000018F8AA14518)
[LOG] SoundI::release                          :     Music (0000018FB31FD1C8)
[LOG] SystemI::createSound                     : filename = FMOD\Awesome Builder Defender Game\Build\Desktop/Master.bank : mode 02010082
[LOG] SystemI::createSound                     : FMOD_NONBLOCKING specified.  Putting into queue to be opened asynchronously!
[LOG] SystemI::createSound                     : setdata soundi = 0000018FB31FCB08 : node = 00000190671E3DF0
[LOG] SystemI::createSound                     : add node to async list : head = 0000018F58C65898.  list count = 0
[LOG] AsyncThread::threadFunc                  : Starting Asynchronous operation on sound 0000018FB31FCB08
[LOG] SystemI::createSoundInternal             :     Create name='FMOD\Awesome Builder Defender Game\Build\Desktop/Master.bank', mode=0x02010082
[LOG] SystemI::createSoundInternal             :     exinfo->cbsize             = 224
[LOG] SystemI::createSoundInternal             :     exinfo->length             = 188928
[LOG] SystemI::createSoundInternal             :     exinfo->fileoffset         = 11488
[LOG] SystemI::createSoundInternal             :     exinfo->numsubsounds       = 1
[LOG] SystemI::createSoundInternal             :     exinfo->inclusionlist      = 00000190671E3F00
[LOG] SystemI::createSoundInternal             :     exinfo->inclusionlistnum   = 1
[LOG] SystemI::createSoundInternal             :     exinfo->suggestedsoundtype = 5
[LOG] SystemI::createSoundInternal             :     exinfo->initialseekposition = 3500
[LOG] SystemI::createSoundInternal             :     exinfo->initialseekpostype = 1
[LOG] SystemI::createSoundInternal             :     Stream 0/1: name='Music', format=5, channels=2, frequency=48000, lengthbytes=129536, lengthpcm=825791, pcmblocksize=0, loopstart=0, loopend=0, mode=0x00000000, channelmask=0x00000000, channelorder=0, peakvolume=0.256409.
[LOG] AsyncThread::threadFunc                  : Finished Asynchronous operation on sound 0000018FB31FCB08
[LOG] SoundI::release                          : Music (0000018FB2FDB988)
[LOG] SoundI::release                          :     Music (0000018F8AA10F78)
[LOG] SoundI::release                          :     Music (0000018FB2FDBB38)
[LOG] SoundI::release                          : Music (0000018FB31FCB08)
[LOG] SoundI::release                          :     Music (0000018F8AA13CF8)
[LOG] SoundI::release                          :     Music (0000018FB31FCE68)
[LOG] SystemI::createSound                     : filename = FMOD\Awesome Builder Defender Game\Build\Desktop/Master.bank : mode 02010082
[LOG] SystemI::createSound                     : FMOD_NONBLOCKING specified.  Putting into queue to be opened asynchronously!
[LOG] SystemI::createSound                     : setdata soundi = 0000018F8F70FB28 : node = 0000019024AC46C0
[LOG] SystemI::createSound                     : add node to async list : head = 0000018F58C65898.  list count = 0
[LOG] AsyncThread::threadFunc                  : Starting Asynchronous operation on sound 0000018F8F70FB28
[LOG] SystemI::createSoundInternal             :     Create name='FMOD\Awesome Builder Defender Game\Build\Desktop/Master.bank', mode=0x02010082
[LOG] SystemI::createSoundInternal             :     exinfo->cbsize             = 224
[LOG] SystemI::createSoundInternal             :     exinfo->length             = 188928
[LOG] SystemI::createSoundInternal             :     exinfo->fileoffset         = 11488
[LOG] SystemI::createSoundInternal             :     exinfo->numsubsounds       = 1
[LOG] SystemI::createSoundInternal             :     exinfo->inclusionlist      = 0000019024AC47D0
[LOG] SystemI::createSoundInternal             :     exinfo->inclusionlistnum   = 1
[LOG] SystemI::createSoundInternal             :     exinfo->suggestedsoundtype = 5
[LOG] SystemI::createSoundInternal             :     exinfo->initialseekposition = 70
[LOG] SystemI::createSoundInternal             :     exinfo->initialseekpostype = 1
[LOG] SystemI::createSoundInternal             :     Stream 0/1: name='Music', format=5, channels=2, frequency=48000, lengthbytes=129536, lengthpcm=825791, pcmblocksize=0, loopstart=0, loopend=0, mode=0x00000000, channelmask=0x00000000, channelorder=0, peakvolume=0.256409.
[LOG] AsyncThread::threadFunc                  : Finished Asynchronous operation on sound 0000018F8F70FB28
[LOG] SoundI::release                          : Music (0000018F8F70FB28)
[LOG] SoundI::release                          :     Music (0000018F8AA146B8)
[LOG] SoundI::release                          :     Music (0000018F8F70EDA8)
[LOG] SystemI::createSound                     : filename = FMOD\Awesome Builder Defender Game\Build\Desktop/Master.bank : mode 02010082
[LOG] SystemI::createSound                     : FMOD_NONBLOCKING specified.  Putting into queue to be opened asynchronously!
[LOG] SystemI::createSound                     : setdata soundi = 0000018F8F70AA28 : node = 0000019024AC46C0
[LOG] SystemI::createSound                     : add node to async list : head = 0000018F58C65898.  list count = 0
[LOG] AsyncThread::threadFunc                  : Starting Asynchronous operation on sound 0000018F8F70AA28
[LOG] SystemI::createSoundInternal             :     Create name='FMOD\Awesome Builder Defender Game\Build\Desktop/Master.bank', mode=0x02010082
[LOG] SystemI::createSoundInternal             :     exinfo->cbsize             = 224
[LOG] SystemI::createSoundInternal             :     exinfo->length             = 188928
[LOG] SystemI::createSoundInternal             :     exinfo->fileoffset         = 11488
[LOG] SystemI::createSoundInternal             :     exinfo->numsubsounds       = 1
[LOG] SystemI::createSoundInternal             :     exinfo->inclusionlist      = 0000019024AC47D0
[LOG] SystemI::createSoundInternal             :     exinfo->inclusionlistnum   = 1
[LOG] SystemI::createSoundInternal             :     exinfo->suggestedsoundtype = 5
[LOG] SystemI::createSoundInternal             :     exinfo->initialseekposition = 70
[LOG] SystemI::createSoundInternal             :     exinfo->initialseekpostype = 1
[LOG] SystemI::createSoundInternal             :     Stream 0/1: name='Music', format=5, channels=2, frequency=48000, lengthbytes=129536, lengthpcm=825791, pcmblocksize=0, loopstart=0, loopend=0, mode=0x00000000, channelmask=0x00000000, channelorder=0, peakvolume=0.256409.
[LOG] AsyncThread::threadFunc                  : Finished Asynchronous operation on sound 0000018F8F70AA28
[LOG] SoundI::release                          : Music (0000018F8F70AA28)
[LOG] SoundI::release                          :     Music (0000018F8AA14378)
[LOG] SoundI::release                          :     Music (0000018F8F70E1D8)
[LOG] SystemI::createSound                     : filename = FMOD\Awesome Builder Defender Game\Build\Desktop/Master.bank : mode 02010082
[LOG] SystemI::createSound                     : FMOD_NONBLOCKING specified.  Putting into queue to be opened asynchronously!
[LOG] SystemI::createSound                     : setdata soundi = 0000019018505108 : node = 0000019024AC41C0
[LOG] SystemI::createSound                     : add node to async list : head = 0000018F58C65898.  list count = 0
[LOG] AsyncThread::threadFunc                  : Starting Asynchronous operation on sound 0000019018505108
[LOG] SystemI::createSoundInternal             :     Create name='FMOD\Awesome Builder Defender Game\Build\Desktop/Master.bank', mode=0x02010082
[LOG] SystemI::createSoundInternal             :     exinfo->cbsize             = 224
[LOG] SystemI::createSoundInternal             :     exinfo->length             = 188928
[LOG] SystemI::createSoundInternal             :     exinfo->fileoffset         = 11488
[LOG] SystemI::createSoundInternal             :     exinfo->numsubsounds       = 1
[LOG] SystemI::createSoundInternal             :     exinfo->inclusionlist      = 0000019024AC42D0
[LOG] SystemI::createSoundInternal             :     exinfo->inclusionlistnum   = 1
[LOG] SystemI::createSoundInternal             :     exinfo->suggestedsoundtype = 5
[LOG] SystemI::createSoundInternal             :     exinfo->initialseekposition = 70
[LOG] SystemI::createSoundInternal             :     exinfo->initialseekpostype = 1
[LOG] SystemI::createSoundInternal             :     Stream 0/1: name='Music', format=5, channels=2, frequency=48000, lengthbytes=129536, lengthpcm=825791, pcmblocksize=0, loopstart=0, loopend=0, mode=0x00000000, channelmask=0x00000000, channelorder=0, peakvolume=0.256409.
[LOG] AsyncThread::threadFunc                  : Finished Asynchronous operation on sound 0000019018505108
[LOG] SystemI::createSound                     : filename = FMOD\Awesome Builder Defender Game\Build\Desktop/Master.bank : mode 02010082
[LOG] SystemI::createSound                     : FMOD_NONBLOCKING specified.  Putting into queue to be opened asynchronously!
[LOG] SystemI::createSound                     : setdata soundi = 00000190185052B8 : node = 0000019024AC4300
[LOG] SystemI::createSound                     : add node to async list : head = 0000018F58C65898.  list count = 0
[LOG] AsyncThread::threadFunc                  : Starting Asynchronous operation on sound 00000190185052B8
[LOG] SystemI::createSoundInternal             :     Create name='FMOD\Awesome Builder Defender Game\Build\Desktop/Master.bank', mode=0x02010082
[LOG] SystemI::createSoundInternal             :     exinfo->cbsize             = 224
[LOG] SystemI::createSoundInternal             :     exinfo->length             = 188928
[LOG] SystemI::createSoundInternal             :     exinfo->fileoffset         = 11488
[LOG] SystemI::createSoundInternal             :     exinfo->numsubsounds       = 1
[LOG] SystemI::createSoundInternal             :     exinfo->inclusionlist      = 0000019024AC4410
[LOG] SystemI::createSoundInternal             :     exinfo->inclusionlistnum   = 1
[LOG] SystemI::createSoundInternal             :     exinfo->suggestedsoundtype = 5
[LOG] SystemI::createSoundInternal             :     exinfo->initialseekposition = 3500
[LOG] SystemI::createSoundInternal             :     exinfo->initialseekpostype = 1
[LOG] SystemI::createSoundInternal             :     Stream 0/1: name='Music', format=5, channels=2, frequency=48000, lengthbytes=129536, lengthpcm=825791, pcmblocksize=0, loopstart=0, loopend=0, mode=0x00000000, channelmask=0x00000000, channelorder=0, peakvolume=0.256409.
[LOG] AsyncThread::threadFunc                  : Finished Asynchronous operation on sound 00000190185052B8
[LOG] SoundI::release                          : Music (0000019018505108)
[LOG] SoundI::release                          :     Music (0000018F8AA10F78)
[LOG] SoundI::release                          :     Music (0000019018506C08)
[LOG] SoundI::release                          : Music (00000190185052B8)
[LOG] SoundI::release                          :     Music (0000018F8AA139B8)
[LOG] SoundI::release                          :     Music (0000019018505E88)
[LOG] SoundI::release                          :  (0000019059427A28)
[LOG] SoundI::release                          :     BuildingDamaged (0000018F8AA12638)
[LOG] SoundI::release                          :  (000001905942A3D8)
[LOG] SoundI::release                          :     EnemyHit (0000019059EFAC98)
[LOG] SoundI::release                          :  (00000190594278B8)
[LOG] SoundI::release                          :     EnemyDie (0000019059EFBB38)
[LOG] SoundI::release                          :  (00000190594257A8)
[LOG] SoundI::release                          :     EnemyWaveStarting (0000019059EFA7B8)
[LOG] SoundI::release                          :  (00000190594296E8)
[LOG] SoundI::release                          :     BuildingPlaced (0000019059EFB998)
[LOG] Thread::callback                         : FMOD Studio update thread finished.
[LOG] Thread::callback                         : FMOD Studio bank load thread finished.
[LOG] Profile::disconnectAll                   : Profiler disconnecting all clients
[LOG] Thread::callback                         : FMOD Studio sample load thread finished.
[LOG] LiveUpdate::release                      : 
[LOG] LiveUpdate::reset                        : Reset connection (reason Disconnected)
[LOG] Thread::callback                         : FMOD stream thread finished.
[LOG] Thread::callback                         : FMOD mixer thread finished.
[LOG] Profile::disconnectAll                   : Profiler disconnecting all clients
[LOG] SystemI::close                           : Closed.
