Using pre-set license

 COMMAND LINE ARGUMENTS:
/Applications/Unity/Hub/Editor/2020.3.4f1/Unity.app/Contents/MacOS/Unity
-adb2
-batchMode
-noUpm
-name
AssetImportWorker0
-projectPath
/Users/tormodliseth/Gamedev/Unity/Udemy/Awesome Builder Defender Game
-logFile
Logs/AssetImportWorker0.log
-srvPort
56793
Successfully changed project path to: /Users/tormodliseth/Gamedev/Unity/Udemy/Awesome Builder Defender Game
/Users/tormodliseth/Gamedev/Unity/Udemy/Awesome Builder Defender Game
Using Asset Import Pipeline V2.
Refreshing native plugins compatible for Editor in 30.66 ms, found 2 plugins.
Preloading 0 native plugins for Editor in 0.00 ms.
Initialize engine version: 2020.3.4f1 (0abb6314276a)
[Subsystems] Discovering subsystems at path /Applications/Unity/Hub/Editor/2020.3.4f1/Unity.app/Contents/Resources/UnitySubsystems
[Subsystems] Discovering subsystems at path /Users/tormodliseth/Gamedev/Unity/Udemy/Awesome Builder Defender Game/Assets
GfxDevice: creating device client; threaded=0
2021-04-17 07:32:15.761 Unity[42483:380358] (null) preferred device: Apple M1 (high power)
2021-04-17 07:32:15.761 Unity[42483:380358] Metal devices available: 1
2021-04-17 07:32:15.761 Unity[42483:380358] 0: Apple M1 (high power)
2021-04-17 07:32:15.767 Unity[42483:380358] Using device Apple M1 (high power)
Initializing Metal device caps: Apple M1
Initialize mono
Mono path[0] = '/Applications/Unity/Hub/Editor/2020.3.4f1/Unity.app/Contents/Managed'
Mono path[1] = '/Applications/Unity/Hub/Editor/2020.3.4f1/Unity.app/Contents/MonoBleedingEdge/lib/mono/unityjit'
Mono config path = '/Applications/Unity/Hub/Editor/2020.3.4f1/Unity.app/Contents/MonoBleedingEdge/etc'
Using monoOptions --debugger-agent=transport=dt_socket,embedding=1,server=y,suspend=n,address=127.0.0.1:56483
Begin MonoManager ReloadAssembly
Registering precompiled unity dll's ...
Register platform support module: /Applications/Unity/Hub/Editor/2020.3.4f1/PlaybackEngines/WebGLSupport/UnityEditor.WebGL.Extensions.dll
Register platform support module: /Applications/Unity/Hub/Editor/2020.3.4f1/Unity.app/Contents/PlaybackEngines/MacStandaloneSupport/UnityEditor.OSXStandalone.Extensions.dll
Register platform support module: /Applications/Unity/Hub/Editor/2020.3.4f1/PlaybackEngines/WindowsStandaloneSupport/UnityEditor.WindowsStandalone.Extensions.dll
Registered in 0.000606 seconds.
Native extension for WindowsStandalone target not found
Native extension for OSXStandalone target not found
Native extension for WebGL target not found
Refreshing native plugins compatible for Editor in 32.97 ms, found 2 plugins.
Preloading 0 native plugins for Editor in 0.00 ms.
Mono: successfully reloaded assembly
- Completed reload, in  2.815 seconds
Platform modules already initialized, skipping
Registering precompiled user dll's ...
Registered in 0.000356 seconds.
Begin MonoManager ReloadAssembly
Native extension for WindowsStandalone target not found
Native extension for OSXStandalone target not found
Native extension for WebGL target not found
Refreshing native plugins compatible for Editor in 31.80 ms, found 2 plugins.
Preloading 0 native plugins for Editor in 0.00 ms.
Mono: successfully reloaded assembly
- Completed reload, in  1.819 seconds
Platform modules already initialized, skipping
========================================================================
Worker process is ready to serve import requests
Launching external process: /Applications/Unity/Hub/Editor/2020.3.4f1/Unity.app/Contents/Tools/UnityShaderCompiler
Launched and connected shader compiler UnityShaderCompiler after 0.02 seconds
Refreshing native plugins compatible for Editor in 0.28 ms, found 2 plugins.
Preloading 0 native plugins for Editor in 0.00 ms.
Unloading 1808 Unused Serialized files (Serialized files now loaded: 0)
System memory in use before: 148.4 MB.
System memory in use after: 148.4 MB.

Unloading 24 unused Assets to reduce memory usage. Loaded Objects now: 2250.
Total: 1.568083 ms (FindLiveObjects: 0.151750 ms CreateObjectMapping: 0.037583 ms MarkObjects: 1.258666 ms  DeleteObjects: 0.119084 ms)

========================================================================
Received Import Request.
  path: Assets/Scenes
  artifactKey: Guid(5c03f57708f8f4562b4893cd6879adc3) Importer(815301076,1909f56bfc062723c751e8b465ee728b)
Start importing Assets/Scenes using Guid(5c03f57708f8f4562b4893cd6879adc3) Importer(815301076,1909f56bfc062723c751e8b465ee728b)  -> (artifact id: 'ff556b90c0f914b464dfb41a19fa3e10') in 0.006467 seconds
  Import took 0.009107 seconds .

========================================================================
Received Prepare
Registering precompiled user dll's ...
Registered in 0.001034 seconds.
Begin MonoManager ReloadAssembly
Native extension for WindowsStandalone target not found
Native extension for OSXStandalone target not found
Native extension for WebGL target not found
Refreshing native plugins compatible for Editor in 0.78 ms, found 4 plugins.
Preloading 0 native plugins for Editor in 0.00 ms.
RefreshInfo: StopAssetImportingV2(NoUpdateAssetOptions) scanfilter: 
RefreshProfiler: Total: 0.000ms
Mono: successfully reloaded assembly
- Completed reload, in  1.793 seconds
Platform modules already initialized, skipping
Refreshing native plugins compatible for Editor in 0.63 ms, found 4 plugins.
Preloading 0 native plugins for Editor in 0.00 ms.
Unloading 687 Unused Serialized files (Serialized files now loaded: 0)
System memory in use before: 129.5 MB.
System memory in use after: 129.5 MB.

Unloading 69 unused Assets to reduce memory usage. Loaded Objects now: 2313.
Total: 1.531041 ms (FindLiveObjects: 0.146833 ms CreateObjectMapping: 0.037583 ms MarkObjects: 1.242250 ms  DeleteObjects: 0.103542 ms)

========================================================================
Received Prepare
Registering precompiled user dll's ...
Registered in 0.004041 seconds.
Begin MonoManager ReloadAssembly
Fallback handler could not load library /Applications/Unity/Hub/Editor/2020.3.4f1/Unity.app/Contents/Frameworks/Mono/lib/libAssets/Plugins/FMOD/lib/mac/fmodstudioL.bundle/Contents/MacOS/fmodstudioL
Fallback handler could not load library /Applications/Unity/Hub/Editor/2020.3.4f1/Unity.app/Contents/Frameworks/Mono/lib/libAssets/Plugins/FMOD/lib/mac/fmodstudioL.bundle/Contents/MacOS/fmodstudioL.dylib
Fallback handler could not load library /Applications/Unity/Hub/Editor/2020.3.4f1/Unity.app/Contents/Frameworks/Mono/lib/libAssets/Plugins/FMOD/lib/mac/fmodstudioL.bundle/Contents/MacOS/fmodstudioL.so
Fallback handler could not load library /Applications/Unity/Hub/Editor/2020.3.4f1/Unity.app/Contents/Frameworks/Mono/lib/libAssets/Plugins/FMOD/lib/mac/fmodstudioL.bundle/Contents/MacOS/fmodstudioL.bundle
Native extension for WindowsStandalone target not found
Native extension for OSXStandalone target not found
Native extension for WebGL target not found
Refreshing native plugins compatible for Editor in 0.69 ms, found 4 plugins.
Preloading 0 native plugins for Editor in 0.00 ms.
RefreshInfo: StopAssetImportingV2(NoUpdateAssetOptions) scanfilter: 
RefreshProfiler: Total: 0.000ms
CreateSerializedAsset is not supported while importing out-of-process
UnityEngine.StackTraceUtility:ExtractStackTrace () (at /Users/bokken/buildslave/unity/build/Runtime/Export/Scripting/StackTrace.cs:37)
MonKeySettings:CreateNewInstance () (at Assets/Plugins/MonKey Commander/Editor/Settings/MonKeySettings.cs:56)
MonKeySettings:InitSettings () (at Assets/Plugins/MonKey Commander/Editor/Settings/MonKeySettings.cs:25)
MonKeyInitialization:InitMonKey () (at Assets/Plugins/MonKey Commander/Editor/Init/MonKeyInitialization.cs:23)
MonKeyInitialization:InitAndShowStartupPanel () (at Assets/Plugins/MonKey Commander/Editor/Init/MonKeyInitialization.cs:33)
MonKeyInitialization:OpenPanel () (at Assets/Plugins/MonKey Commander/Editor/Init/MonKeyInitialization.cs:40)

[Assets/Plugins/MonKey Commander/Editor/Settings/MonKeySettings.cs line 56]

UnityException: Creating asset at path Assets/Plugins/MonKey Commander/Editor/Settings/MonKey Settings.asset failed.
  at (wrapper managed-to-native) UnityEditor.AssetDatabase.CreateAsset(UnityEngine.Object,string)
  at MonKeySettings.CreateNewInstance () [0x00026] in /Users/tormodliseth/Gamedev/Unity/Udemy/Awesome Builder Defender Game/Assets/Plugins/MonKey Commander/Editor/Settings/MonKeySettings.cs:56 
  at MonKeySettings.InitSettings () [0x0000f] in /Users/tormodliseth/Gamedev/Unity/Udemy/Awesome Builder Defender Game/Assets/Plugins/MonKey Commander/Editor/Settings/MonKeySettings.cs:25 
  at MonKeyInitialization.InitMonKey () [0x00005] in /Users/tormodliseth/Gamedev/Unity/Udemy/Awesome Builder Defender Game/Assets/Plugins/MonKey Commander/Editor/Init/MonKeyInitialization.cs:23 
  at MonKeyInitialization.InitAndShowStartupPanel () [0x00008] in /Users/tormodliseth/Gamedev/Unity/Udemy/Awesome Builder Defender Game/Assets/Plugins/MonKey Commander/Editor/Init/MonKeyInitialization.cs:33 
  at MonKeyInitialization.OpenPanel () [0x00000] in /Users/tormodliseth/Gamedev/Unity/Udemy/Awesome Builder Defender Game/Assets/Plugins/MonKey Commander/Editor/Init/MonKeyInitialization.cs:40 

(Filename: Assets/Plugins/MonKey Commander/Editor/Settings/MonKeySettings.cs Line: 56)

Mono: successfully reloaded assembly
- Completed reload, in  2.022 seconds
Platform modules already initialized, skipping
Refreshing native plugins compatible for Editor in 0.65 ms, found 4 plugins.
Preloading 0 native plugins for Editor in 0.00 ms.
Unloading 670 Unused Serialized files (Serialized files now loaded: 0)
System memory in use before: 134.0 MB.
System memory in use after: 134.0 MB.

Unloading 71 unused Assets to reduce memory usage. Loaded Objects now: 2331.
Total: 1.575083 ms (FindLiveObjects: 0.125500 ms CreateObjectMapping: 0.039375 ms MarkObjects: 1.305333 ms  DeleteObjects: 0.103833 ms)

========================================================================
Received Prepare
Registering precompiled user dll's ...
Registered in 0.002861 seconds.
Begin MonoManager ReloadAssembly
Native extension for WindowsStandalone target not found
Native extension for OSXStandalone target not found
Native extension for WebGL target not found
Refreshing native plugins compatible for Editor in 0.77 ms, found 4 plugins.
Preloading 0 native plugins for Editor in 0.00 ms.
[ScriptCompilation] NOT recompiling all scripts because this is an import worker process. Reason to compile was: Define symbols changed
RefreshInfo: StopAssetImportingV2(NoUpdateAssetOptions) scanfilter: 
RefreshProfiler: Total: 0.000ms
Mono: successfully reloaded assembly
- Completed reload, in  2.636 seconds
Platform modules already initialized, skipping
Refreshing native plugins compatible for Editor in 0.62 ms, found 4 plugins.
Preloading 0 native plugins for Editor in 0.00 ms.
Unloading 703 Unused Serialized files (Serialized files now loaded: 0)
System memory in use before: 184.4 MB.
System memory in use after: 184.3 MB.

Unloading 94 unused Assets to reduce memory usage. Loaded Objects now: 2490.
Total: 15.614292 ms (FindLiveObjects: 0.127709 ms CreateObjectMapping: 0.045084 ms MarkObjects: 14.702417 ms  DeleteObjects: 0.737541 ms)

Unloading 0 Unused Serialized files (Serialized files now loaded: 0)
System memory in use before: 184.0 MB.
System memory in use after: 184.1 MB.

Unloading 0 unused Assets to reduce memory usage. Loaded Objects now: 2490.
Total: 14.440250 ms (FindLiveObjects: 0.142042 ms CreateObjectMapping: 0.042583 ms MarkObjects: 14.248458 ms  DeleteObjects: 0.006334 ms)

========================================================================
Received Prepare
Registering precompiled user dll's ...
Registered in 0.003935 seconds.
Begin MonoManager ReloadAssembly
Native extension for WindowsStandalone target not found
Native extension for OSXStandalone target not found
Native extension for WebGL target not found
Refreshing native plugins compatible for Editor in 0.75 ms, found 4 plugins.
Preloading 0 native plugins for Editor in 0.00 ms.
RefreshInfo: StopAssetImportingV2(NoUpdateAssetOptions) scanfilter: 
RefreshProfiler: Total: 0.000ms
Mono: successfully reloaded assembly
- Completed reload, in  2.573 seconds
Platform modules already initialized, skipping
Refreshing native plugins compatible for Editor in 0.65 ms, found 4 plugins.
Preloading 0 native plugins for Editor in 0.00 ms.
Unloading 677 Unused Serialized files (Serialized files now loaded: 0)
System memory in use before: 184.7 MB.
System memory in use after: 184.7 MB.

Unloading 136 unused Assets to reduce memory usage. Loaded Objects now: 2491.
Total: 14.671666 ms (FindLiveObjects: 0.136083 ms CreateObjectMapping: 0.043042 ms MarkObjects: 14.299916 ms  DeleteObjects: 0.191500 ms)

Unloading 0 Unused Serialized files (Serialized files now loaded: 0)
System memory in use before: 184.3 MB.
System memory in use after: 184.4 MB.

Unloading 0 unused Assets to reduce memory usage. Loaded Objects now: 2491.
Total: 14.801959 ms (FindLiveObjects: 0.123958 ms CreateObjectMapping: 0.042792 ms MarkObjects: 14.628167 ms  DeleteObjects: 0.006250 ms)

========================================================================
Received Prepare
Registering precompiled user dll's ...
Registered in 0.005961 seconds.
Begin MonoManager ReloadAssembly
Native extension for WindowsStandalone target not found
Native extension for OSXStandalone target not found
Native extension for WebGL target not found
Refreshing native plugins compatible for Editor in 0.76 ms, found 4 plugins.
Preloading 0 native plugins for Editor in 0.00 ms.
RefreshInfo: StopAssetImportingV2(NoUpdateAssetOptions) scanfilter: 
RefreshProfiler: Total: 0.000ms
Mono: successfully reloaded assembly
- Completed reload, in  2.571 seconds
Platform modules already initialized, skipping
Refreshing native plugins compatible for Editor in 0.72 ms, found 4 plugins.
Preloading 0 native plugins for Editor in 0.00 ms.
Unloading 675 Unused Serialized files (Serialized files now loaded: 0)
System memory in use before: 184.9 MB.
System memory in use after: 184.9 MB.

Unloading 137 unused Assets to reduce memory usage. Loaded Objects now: 2491.
Total: 13.504750 ms (FindLiveObjects: 0.136500 ms CreateObjectMapping: 0.040834 ms MarkObjects: 13.146125 ms  DeleteObjects: 0.180209 ms)

Unloading 0 Unused Serialized files (Serialized files now loaded: 0)
System memory in use before: 184.5 MB.
System memory in use after: 184.6 MB.

Unloading 0 unused Assets to reduce memory usage. Loaded Objects now: 2491.
Total: 13.317167 ms (FindLiveObjects: 0.138375 ms CreateObjectMapping: 0.036250 ms MarkObjects: 13.135417 ms  DeleteObjects: 0.006166 ms)

========================================================================
Received Import Request.
  Time since last request: 815.749703 seconds.
  path: Assets/Plugins/FMOD/Resources/FMODStudioSettings.asset
  artifactKey: Guid(b2cc8f03a99854a738c9288cd8750c17) Importer(815301076,1909f56bfc062723c751e8b465ee728b)
Start importing Assets/Plugins/FMOD/Resources/FMODStudioSettings.asset using Guid(b2cc8f03a99854a738c9288cd8750c17) Importer(815301076,1909f56bfc062723c751e8b465ee728b)  -> (artifact id: '91390a3a6699e6e3a40ff2fccf34deaf') in 0.670842 seconds
  Import took 0.677476 seconds .

========================================================================
Received Prepare
Registering precompiled user dll's ...
Registered in 0.003957 seconds.
Begin MonoManager ReloadAssembly
Native extension for WindowsStandalone target not found
Native extension for OSXStandalone target not found
Native extension for WebGL target not found
Refreshing native plugins compatible for Editor in 0.79 ms, found 4 plugins.
Preloading 0 native plugins for Editor in 0.00 ms.
RefreshInfo: StopAssetImportingV2(NoUpdateAssetOptions) scanfilter: 
RefreshProfiler: Total: 0.000ms
Mono: successfully reloaded assembly
- Completed reload, in  2.703 seconds
Platform modules already initialized, skipping
Refreshing native plugins compatible for Editor in 0.79 ms, found 4 plugins.
Preloading 0 native plugins for Editor in 0.00 ms.
Unloading 675 Unused Serialized files (Serialized files now loaded: 0)
System memory in use before: 189.6 MB.
System memory in use after: 189.6 MB.

Unloading 137 unused Assets to reduce memory usage. Loaded Objects now: 2491.
Total: 14.385916 ms (FindLiveObjects: 0.142917 ms CreateObjectMapping: 0.042250 ms MarkObjects: 14.014250 ms  DeleteObjects: 0.185000 ms)

Unloading 0 Unused Serialized files (Serialized files now loaded: 0)
System memory in use before: 189.2 MB.
System memory in use after: 189.3 MB.

Unloading 0 unused Assets to reduce memory usage. Loaded Objects now: 2491.
Total: 14.060625 ms (FindLiveObjects: 0.153541 ms CreateObjectMapping: 0.038417 ms MarkObjects: 13.861167 ms  DeleteObjects: 0.006708 ms)

========================================================================
Received Import Request.
  Time since last request: 29.284343 seconds.
  path: Assets/Plugins/FMOD/Resources/FMODStudioSettings.asset
  artifactKey: Guid(b2cc8f03a99854a738c9288cd8750c17) Importer(815301076,1909f56bfc062723c751e8b465ee728b)
Start importing Assets/Plugins/FMOD/Resources/FMODStudioSettings.asset using Guid(b2cc8f03a99854a738c9288cd8750c17) Importer(815301076,1909f56bfc062723c751e8b465ee728b)  -> (artifact id: '5270134a2c5ff9929ff863a084e8197d') in 0.091528 seconds
  Import took 0.095036 seconds .

========================================================================
Received Import Request.
  Time since last request: 77.802568 seconds.
  path: Assets/Plugins/FMOD/Resources/FMODStudioSettings.asset
  artifactKey: Guid(b2cc8f03a99854a738c9288cd8750c17) Importer(815301076,1909f56bfc062723c751e8b465ee728b)
Start importing Assets/Plugins/FMOD/Resources/FMODStudioSettings.asset using Guid(b2cc8f03a99854a738c9288cd8750c17) Importer(815301076,1909f56bfc062723c751e8b465ee728b)  -> (artifact id: 'a470c585eba3363c7e52b3b0394b840e') in 0.007069 seconds
  Import took 0.009809 seconds .

